Using pre-set license
Built from '2020.3/staging' branch; Version is '2020.3.5f1 (8095aa901b9b) revision 8426922'; Using compiler version '192528614'; Build Type 'Release'
OS: 'Windows 10 Home; OS build 19042.928; Version 2009; 64bit' Language: 'en' Physical Memory: 16234 MB
BatchMode: 1, IsHumanControllingUs: 0, StartBugReporterOnCrash: 0, Is64bit: 1, IsPro: 0

 COMMAND LINE ARGUMENTS:
C:\Program Files\Unity\Hub\Editor\2020.3.5f1\Editor\Unity.exe
-adb2
-batchMode
-noUpm
-name
AssetImportWorker2
-projectPath
C:/Users/gsocc/OneDrive/Desktop/Github/CubeScapeGame/CubeScapeProject
-logFile
Logs/AssetImportWorker2.log
-srvPort
63120
Successfully changed project path to: C:/Users/gsocc/OneDrive/Desktop/Github/CubeScapeGame/CubeScapeProject
C:/Users/gsocc/OneDrive/Desktop/Github/CubeScapeGame/CubeScapeProject
Using Asset Import Pipeline V2.
Refreshing native plugins compatible for Editor in 40.28 ms, found 0 plugins.
Preloading 0 native plugins for Editor in 0.00 ms.
Initialize engine version: 2020.3.5f1 (8095aa901b9b)
[Subsystems] Discovering subsystems at path C:/Program Files/Unity/Hub/Editor/2020.3.5f1/Editor/Data/Resources/UnitySubsystems
[Subsystems] Discovering subsystems at path C:/Users/gsocc/OneDrive/Desktop/Github/CubeScapeGame/CubeScapeProject/Assets
GfxDevice: creating device client; threaded=0
Direct3D:
    Version:  Direct3D 11.0 [level 11.1]
    Renderer: NVIDIA GeForce GTX 1060 (ID=0x1c20)
    Vendor:   
    VRAM:     2987 MB
    Driver:   27.21.14.6192
Initialize mono
Mono path[0] = 'C:/Program Files/Unity/Hub/Editor/2020.3.5f1/Editor/Data/Managed'
Mono path[1] = 'C:/Program Files/Unity/Hub/Editor/2020.3.5f1/Editor/Data/MonoBleedingEdge/lib/mono/unityjit'
Mono config path = 'C:/Program Files/Unity/Hub/Editor/2020.3.5f1/Editor/Data/MonoBleedingEdge/etc'
Using monoOptions --debugger-agent=transport=dt_socket,embedding=1,server=y,suspend=n,address=127.0.0.1:56408
Begin MonoManager ReloadAssembly
Registering precompiled unity dll's ...
Register platform support module: C:/Program Files/Unity/Hub/Editor/2020.3.5f1/Editor/Data/PlaybackEngines/WindowsStandaloneSupport/UnityEditor.WindowsStandalone.Extensions.dll
Registered in 0.001838 seconds.
Native extension for WindowsStandalone target not found
Refreshing native plugins compatible for Editor in 42.56 ms, found 0 plugins.
Preloading 0 native plugins for Editor in 0.00 ms.
Mono: successfully reloaded assembly
- Completed reload, in  1.927 seconds
Platform modules already initialized, skipping
Registering precompiled user dll's ...
Registered in 0.001314 seconds.
Begin MonoManager ReloadAssembly
Native extension for WindowsStandalone target not found
Refreshing native plugins compatible for Editor in 41.44 ms, found 0 plugins.
Preloading 0 native plugins for Editor in 0.00 ms.
Mono: successfully reloaded assembly
- Completed reload, in  1.854 seconds
Platform modules already initialized, skipping
========================================================================
Worker process is ready to serve import requests
Shader 'Universal Render Pipeline/Particles/Lit': fallback shader 'Universal Render Pipeline/Particles/SimpleLit' not found
Shader 'Universal Render Pipeline/Particles/Lit': fallback shader 'Universal Render Pipeline/Particles/SimpleLit' not found
Launched and connected shader compiler UnityShaderCompiler.exe after 0.08 seconds
Refreshing native plugins compatible for Editor in 0.41 ms, found 0 plugins.
Preloading 0 native plugins for Editor in 0.00 ms.
Unloading 2433 Unused Serialized files (Serialized files now loaded: 0)
System memory in use before: 115.3 MB.
System memory in use after: 112.7 MB.

Unloading 42 unused Assets to reduce memory usage. Loaded Objects now: 2847.
Total: 10.652800 ms (FindLiveObjects: 0.651700 ms CreateObjectMapping: 0.450500 ms MarkObjects: 5.741900 ms  DeleteObjects: 3.805500 ms)

========================================================================
Received Import Request.
  path: Assets/Shaders/TerrainShader.shadergraph
  artifactKey: Guid(96404255b2bdca547b5f7fec71845c96) Importer(815301076,1909f56bfc062723c751e8b465ee728b)
Start importing Assets/Shaders/TerrainShader.shadergraph using Guid(96404255b2bdca547b5f7fec71845c96) Importer(815301076,1909f56bfc062723c751e8b465ee728b)  -> (artifact id: '1f451ffc4caaacb46dbbd2e88c5a7399') in 0.042566 seconds
  Import took 0.046171 seconds .

========================================================================
Received Prepare
Registering precompiled user dll's ...
Registered in 0.001383 seconds.
Begin MonoManager ReloadAssembly
Native extension for WindowsStandalone target not found
Refreshing native plugins compatible for Editor in 0.48 ms, found 0 plugins.
Preloading 0 native plugins for Editor in 0.00 ms.
Mono: successfully reloaded assembly
- Completed reload, in  0.883 seconds
Platform modules already initialized, skipping
Shader 'Universal Render Pipeline/Particles/Lit': fallback shader 'Universal Render Pipeline/Particles/SimpleLit' not found
Shader 'Universal Render Pipeline/Particles/Lit': fallback shader 'Universal Render Pipeline/Particles/SimpleLit' not found
Refreshing native plugins compatible for Editor in 0.38 ms, found 0 plugins.
Preloading 0 native plugins for Editor in 0.00 ms.
Unloading 2355 Unused Serialized files (Serialized files now loaded: 0)
System memory in use before: 111.4 MB.
System memory in use after: 108.8 MB.

Unloading 37 unused Assets to reduce memory usage. Loaded Objects now: 2850.
Total: 3.155700 ms (FindLiveObjects: 0.229700 ms CreateObjectMapping: 0.105700 ms MarkObjects: 1.620800 ms  DeleteObjects: 1.198300 ms)

========================================================================
Received Import Request.
  Time since last request: 1407.432465 seconds.
  path: Assets/Shaders/WaterEffect.shader
  artifactKey: Guid(c5dc01fe388f9ad40bdb539ef9763ccd) Importer(815301076,1909f56bfc062723c751e8b465ee728b)
Start importing Assets/Shaders/WaterEffect.shader using Guid(c5dc01fe388f9ad40bdb539ef9763ccd) Importer(815301076,1909f56bfc062723c751e8b465ee728b)  -> (artifact id: 'e4a9c712038716b5cd58837de2e443b7') in 0.030926 seconds
  Import took 0.035884 seconds .

========================================================================
Received Import Request.
  Time since last request: 175.622782 seconds.
  path: Assets/Scripts/WaterEffect.cs
  artifactKey: Guid(7555321088925144b8a1c4b50176e783) Importer(815301076,1909f56bfc062723c751e8b465ee728b)
Start importing Assets/Scripts/WaterEffect.cs using Guid(7555321088925144b8a1c4b50176e783) Importer(815301076,1909f56bfc062723c751e8b465ee728b)  -> (artifact id: '4cb8ccc1b47676f4085c87cb51c99be8') in 0.009577 seconds
  Import took 0.014247 seconds .

========================================================================
Received Prepare
Registering precompiled user dll's ...
Registered in 0.001323 seconds.
Begin MonoManager ReloadAssembly
Native extension for WindowsStandalone target not found
Refreshing native plugins compatible for Editor in 0.39 ms, found 0 plugins.
Preloading 0 native plugins for Editor in 0.00 ms.
Mono: successfully reloaded assembly
- Completed reload, in  0.846 seconds
Platform modules already initialized, skipping
Shader 'Universal Render Pipeline/Particles/Lit': fallback shader 'Universal Render Pipeline/Particles/SimpleLit' not found
Shader 'Universal Render Pipeline/Particles/Lit': fallback shader 'Universal Render Pipeline/Particles/SimpleLit' not found
Refreshing native plugins compatible for Editor in 0.36 ms, found 0 plugins.
Preloading 0 native plugins for Editor in 0.00 ms.
Unloading 2357 Unused Serialized files (Serialized files now loaded: 0)
System memory in use before: 111.7 MB.
System memory in use after: 109.0 MB.

Unloading 38 unused Assets to reduce memory usage. Loaded Objects now: 2854.
Total: 4.113200 ms (FindLiveObjects: 0.400200 ms CreateObjectMapping: 0.258300 ms MarkObjects: 2.191800 ms  DeleteObjects: 1.261600 ms)

========================================================================
Received Prepare
Registering precompiled user dll's ...
Registered in 0.001335 seconds.
Begin MonoManager ReloadAssembly
Native extension for WindowsStandalone target not found
Refreshing native plugins compatible for Editor in 0.38 ms, found 0 plugins.
Preloading 0 native plugins for Editor in 0.00 ms.
Mono: successfully reloaded assembly
- Completed reload, in  0.874 seconds
Platform modules already initialized, skipping
Shader 'Universal Render Pipeline/Particles/Lit': fallback shader 'Universal Render Pipeline/Particles/SimpleLit' not found
Shader 'Universal Render Pipeline/Particles/Lit': fallback shader 'Universal Render Pipeline/Particles/SimpleLit' not found
Refreshing native plugins compatible for Editor in 0.37 ms, found 0 plugins.
Preloading 0 native plugins for Editor in 0.00 ms.
Unloading 2357 Unused Serialized files (Serialized files now loaded: 0)
System memory in use before: 111.7 MB.
System memory in use after: 109.0 MB.

Unloading 38 unused Assets to reduce memory usage. Loaded Objects now: 2857.
Total: 9.752300 ms (FindLiveObjects: 0.631800 ms CreateObjectMapping: 0.406000 ms MarkObjects: 5.475200 ms  DeleteObjects: 3.235100 ms)

========================================================================
Received Import Request.
  Time since last request: 65.258685 seconds.
  path: Assets/Scripts/WaterEffect.cs
  artifactKey: Guid(7555321088925144b8a1c4b50176e783) Importer(815301076,1909f56bfc062723c751e8b465ee728b)
Start importing Assets/Scripts/WaterEffect.cs using Guid(7555321088925144b8a1c4b50176e783) Importer(815301076,1909f56bfc062723c751e8b465ee728b)  -> (artifact id: '0a072abe455b53de4908fdc986dabc1a') in 0.015412 seconds
  Import took 0.024551 seconds .

========================================================================
Received Import Request.
  Time since last request: 32.528203 seconds.
  path: Assets/Shaders/WaterEffectShader.shader
  artifactKey: Guid(c5dc01fe388f9ad40bdb539ef9763ccd) Importer(815301076,1909f56bfc062723c751e8b465ee728b)
Start importing Assets/Shaders/WaterEffectShader.shader using Guid(c5dc01fe388f9ad40bdb539ef9763ccd) Importer(815301076,1909f56bfc062723c751e8b465ee728b)  -> (artifact id: 'ce337b37b801674ff046db1b850f2cba') in 0.024511 seconds
  Import took 0.029021 seconds .

========================================================================
Received Prepare
Registering precompiled user dll's ...
Registered in 0.001430 seconds.
Begin MonoManager ReloadAssembly
Native extension for WindowsStandalone target not found
Refreshing native plugins compatible for Editor in 0.37 ms, found 0 plugins.
Preloading 0 native plugins for Editor in 0.00 ms.
Mono: successfully reloaded assembly
- Completed reload, in  0.850 seconds
Platform modules already initialized, skipping
Shader 'Universal Render Pipeline/Particles/Lit': fallback shader 'Universal Render Pipeline/Particles/SimpleLit' not found
Shader 'Universal Render Pipeline/Particles/Lit': fallback shader 'Universal Render Pipeline/Particles/SimpleLit' not found
Refreshing native plugins compatible for Editor in 0.39 ms, found 0 plugins.
Preloading 0 native plugins for Editor in 0.00 ms.
Unloading 2357 Unused Serialized files (Serialized files now loaded: 0)
System memory in use before: 111.7 MB.
System memory in use after: 109.1 MB.

Unloading 38 unused Assets to reduce memory usage. Loaded Objects now: 2860.
Total: 11.914900 ms (FindLiveObjects: 0.601900 ms CreateObjectMapping: 0.349100 ms MarkObjects: 5.214700 ms  DeleteObjects: 5.745700 ms)

========================================================================
Received Import Request.
  Time since last request: 108.245246 seconds.
  path: Assets/Scripts/WaterEffect.cs
  artifactKey: Guid(7555321088925144b8a1c4b50176e783) Importer(815301076,1909f56bfc062723c751e8b465ee728b)
Start importing Assets/Scripts/WaterEffect.cs using Guid(7555321088925144b8a1c4b50176e783) Importer(815301076,1909f56bfc062723c751e8b465ee728b)  -> (artifact id: 'd37140e8ef548773332091d7bc11eefc') in 0.009785 seconds
  Import took 0.017283 seconds .

========================================================================
Received Prepare
Registering precompiled user dll's ...
Registered in 0.001323 seconds.
Begin MonoManager ReloadAssembly
Native extension for WindowsStandalone target not found
Refreshing native plugins compatible for Editor in 0.37 ms, found 0 plugins.
Preloading 0 native plugins for Editor in 0.00 ms.
Mono: successfully reloaded assembly
- Completed reload, in  0.817 seconds
Platform modules already initialized, skipping
Shader 'Universal Render Pipeline/Particles/Lit': fallback shader 'Universal Render Pipeline/Particles/SimpleLit' not found
Shader 'Universal Render Pipeline/Particles/Lit': fallback shader 'Universal Render Pipeline/Particles/SimpleLit' not found
Refreshing native plugins compatible for Editor in 0.36 ms, found 0 plugins.
Preloading 0 native plugins for Editor in 0.00 ms.
Unloading 2357 Unused Serialized files (Serialized files now loaded: 0)
System memory in use before: 111.6 MB.
System memory in use after: 109.0 MB.

Unloading 38 unused Assets to reduce memory usage. Loaded Objects now: 2863.
Total: 3.390900 ms (FindLiveObjects: 0.271100 ms CreateObjectMapping: 0.096800 ms MarkObjects: 1.722100 ms  DeleteObjects: 1.299700 ms)

========================================================================
Received Import Request.
  Time since last request: 50.692014 seconds.
  path: Assets/Scripts/MapGeneration/VoxelTypes/Grass.asset
  artifactKey: Guid(0b8c51bc4a037fb4f9279675fb437dad) Importer(815301076,1909f56bfc062723c751e8b465ee728b)
Start importing Assets/Scripts/MapGeneration/VoxelTypes/Grass.asset using Guid(0b8c51bc4a037fb4f9279675fb437dad) Importer(815301076,1909f56bfc062723c751e8b465ee728b)  -> (artifact id: '1994a96d5b6015d4e4a9101b864a603a') in 0.023512 seconds
  Import took 0.028334 seconds .

========================================================================
Received Import Request.
  Time since last request: 0.000316 seconds.
  path: Assets/Scripts/MapGeneration/VoxelTypes/Mountain.asset
  artifactKey: Guid(7bbf05e9535204e4f849f68f4bf1f6a0) Importer(815301076,1909f56bfc062723c751e8b465ee728b)
Start importing Assets/Scripts/MapGeneration/VoxelTypes/Mountain.asset using Guid(7bbf05e9535204e4f849f68f4bf1f6a0) Importer(815301076,1909f56bfc062723c751e8b465ee728b)  -> (artifact id: '3588fc34310d55ebb0365f3a01647169') in 0.008079 seconds
  Import took 0.011661 seconds .

========================================================================
Received Import Request.
  Time since last request: 0.000308 seconds.
  path: Assets/Scripts/MapGeneration/VoxelTypes/Water.asset
  artifactKey: Guid(ac04cd269b4383243a4f19d7c9e5408f) Importer(815301076,1909f56bfc062723c751e8b465ee728b)
Start importing Assets/Scripts/MapGeneration/VoxelTypes/Water.asset using Guid(ac04cd269b4383243a4f19d7c9e5408f) Importer(815301076,1909f56bfc062723c751e8b465ee728b)  -> (artifact id: '15c30f0dd512353cd8e1973c25aa1726') in 0.008544 seconds
  Import took 0.012328 seconds .

========================================================================
Received Import Request.
  Time since last request: 462.949050 seconds.
  path: Assets/Scripts/WaterEffect.cs
  artifactKey: Guid(7555321088925144b8a1c4b50176e783) Importer(815301076,1909f56bfc062723c751e8b465ee728b)
Start importing Assets/Scripts/WaterEffect.cs using Guid(7555321088925144b8a1c4b50176e783) Importer(815301076,1909f56bfc062723c751e8b465ee728b)  -> (artifact id: 'c3f0ec598a04d0ca084f30681afad2ad') in 0.003560 seconds
  Import took 0.008601 seconds .

========================================================================
Received Prepare
Registering precompiled user dll's ...
Registered in 0.001348 seconds.
Begin MonoManager ReloadAssembly
Native extension for WindowsStandalone target not found
Refreshing native plugins compatible for Editor in 0.42 ms, found 0 plugins.
Preloading 0 native plugins for Editor in 0.00 ms.
Mono: successfully reloaded assembly
- Completed reload, in  0.828 seconds
Platform modules already initialized, skipping
Shader 'Universal Render Pipeline/Particles/Lit': fallback shader 'Universal Render Pipeline/Particles/SimpleLit' not found
Shader 'Universal Render Pipeline/Particles/Lit': fallback shader 'Universal Render Pipeline/Particles/SimpleLit' not found
Refreshing native plugins compatible for Editor in 0.37 ms, found 0 plugins.
Preloading 0 native plugins for Editor in 0.00 ms.
Unloading 2355 Unused Serialized files (Serialized files now loaded: 0)
System memory in use before: 111.5 MB.
System memory in use after: 109.0 MB.

Unloading 38 unused Assets to reduce memory usage. Loaded Objects now: 2865.
Total: 10.577000 ms (FindLiveObjects: 1.045300 ms CreateObjectMapping: 0.470300 ms MarkObjects: 5.584100 ms  DeleteObjects: 3.473500 ms)

========================================================================
Received Import Request.
  Time since last request: 53.838310 seconds.
  path: Assets/Shaders/WaterEffect.shadergraph
  artifactKey: Guid(88821738b22df434ea142fed1bfe6d12) Importer(815301076,1909f56bfc062723c751e8b465ee728b)
Start importing Assets/Shaders/WaterEffect.shadergraph using Guid(88821738b22df434ea142fed1bfe6d12) Importer(815301076,1909f56bfc062723c751e8b465ee728b)  -> (artifact id: '3ad2d4366898fee5bfe0e09fe6ed2ff8') in 0.021353 seconds
  Import took 0.025563 seconds .

========================================================================
Received Import Request.
  Time since last request: 0.236775 seconds.
  path: Assets/Shaders/WaterEffect.shadergraph
  artifactKey: Guid(88821738b22df434ea142fed1bfe6d12) Importer(815301076,1909f56bfc062723c751e8b465ee728b)
Start importing Assets/Shaders/WaterEffect.shadergraph using Guid(88821738b22df434ea142fed1bfe6d12) Importer(815301076,1909f56bfc062723c751e8b465ee728b)  -> (artifact id: '3ad2d4366898fee5bfe0e09fe6ed2ff8') in 0.005338 seconds
  Import took 0.010169 seconds .

========================================================================
Received Import Request.
  Time since last request: 182.325345 seconds.
  path: Assets/RenderFeatures
  artifactKey: Guid(3c127f14a5b0e5d4285d4bc3d6a36fa5) Importer(815301076,1909f56bfc062723c751e8b465ee728b)
Start importing Assets/RenderFeatures using Guid(3c127f14a5b0e5d4285d4bc3d6a36fa5) Importer(815301076,1909f56bfc062723c751e8b465ee728b)  -> (artifact id: '1b6a76c3fd01ce3154c45174592f031d') in 0.009457 seconds
  Import took 0.014697 seconds .

========================================================================
Received Import Request.
  Time since last request: 13.329865 seconds.
  path: Assets/RenderFeatures/Blit.cs
  artifactKey: Guid(504341459096b794680f89667fdf51af) Importer(815301076,1909f56bfc062723c751e8b465ee728b)
Start importing Assets/RenderFeatures/Blit.cs using Guid(504341459096b794680f89667fdf51af) Importer(815301076,1909f56bfc062723c751e8b465ee728b)  -> (artifact id: '9dc113b52a5d2a4bcfad0880571ef064') in 0.007936 seconds
  Import took 0.012632 seconds .

========================================================================
Received Prepare
Registering precompiled user dll's ...
Registered in 0.001385 seconds.
Begin MonoManager ReloadAssembly
Native extension for WindowsStandalone target not found
Refreshing native plugins compatible for Editor in 0.41 ms, found 0 plugins.
Preloading 0 native plugins for Editor in 0.00 ms.
Mono: successfully reloaded assembly
- Completed reload, in  0.827 seconds
Platform modules already initialized, skipping
Shader 'Universal Render Pipeline/Particles/Lit': fallback shader 'Universal Render Pipeline/Particles/SimpleLit' not found
Shader 'Universal Render Pipeline/Particles/Lit': fallback shader 'Universal Render Pipeline/Particles/SimpleLit' not found
Refreshing native plugins compatible for Editor in 0.37 ms, found 0 plugins.
Preloading 0 native plugins for Editor in 0.00 ms.
Unloading 2356 Unused Serialized files (Serialized files now loaded: 0)
System memory in use before: 111.6 MB.
System memory in use after: 109.0 MB.

Unloading 37 unused Assets to reduce memory usage. Loaded Objects now: 2869.
Total: 10.481700 ms (FindLiveObjects: 0.622700 ms CreateObjectMapping: 0.333800 ms MarkObjects: 5.367500 ms  DeleteObjects: 4.154000 ms)

========================================================================
Received Import Request.
  Time since last request: 222.797121 seconds.
  path: Assets/RenderFeatures/Blit.cs
  artifactKey: Guid(504341459096b794680f89667fdf51af) Importer(815301076,1909f56bfc062723c751e8b465ee728b)
Start importing Assets/RenderFeatures/Blit.cs using Guid(504341459096b794680f89667fdf51af) Importer(815301076,1909f56bfc062723c751e8b465ee728b)  -> (artifact id: 'b1f6b2a7a981982d4d717d2af6097497') in 0.012573 seconds
  Import took 0.020982 seconds .

========================================================================
Received Import Request.
  Time since last request: 6.062463 seconds.
  path: Assets/RenderFeatures/BlitPass.cs
  artifactKey: Guid(621ed06200d48024c81852ac8aeea71f) Importer(815301076,1909f56bfc062723c751e8b465ee728b)
Start importing Assets/RenderFeatures/BlitPass.cs using Guid(621ed06200d48024c81852ac8aeea71f) Importer(815301076,1909f56bfc062723c751e8b465ee728b)  -> (artifact id: 'e74b30a8e1d0db7634c603dbc4d640a8') in 0.009728 seconds
  Import took 0.014789 seconds .

========================================================================
Received Prepare
Registering precompiled user dll's ...
Registered in 0.001381 seconds.
Begin MonoManager ReloadAssembly
Native extension for WindowsStandalone target not found
Refreshing native plugins compatible for Editor in 0.36 ms, found 0 plugins.
Preloading 0 native plugins for Editor in 0.00 ms.
Mono: successfully reloaded assembly
- Completed reload, in  0.828 seconds
Platform modules already initialized, skipping
Shader 'Universal Render Pipeline/Particles/Lit': fallback shader 'Universal Render Pipeline/Particles/SimpleLit' not found
Shader 'Universal Render Pipeline/Particles/Lit': fallback shader 'Universal Render Pipeline/Particles/SimpleLit' not found
Refreshing native plugins compatible for Editor in 0.39 ms, found 0 plugins.
Preloading 0 native plugins for Editor in 0.00 ms.
Unloading 2357 Unused Serialized files (Serialized files now loaded: 0)
System memory in use before: 111.7 MB.
System memory in use after: 109.1 MB.

Unloading 37 unused Assets to reduce memory usage. Loaded Objects now: 2873.
Total: 3.568900 ms (FindLiveObjects: 0.238900 ms CreateObjectMapping: 0.115500 ms MarkObjects: 1.778900 ms  DeleteObjects: 1.433800 ms)

========================================================================
Received Import Request.
  Time since last request: 919.906206 seconds.
  path: Assets/RenderFeatures/BlitPass.cs
  artifactKey: Guid(621ed06200d48024c81852ac8aeea71f) Importer(815301076,1909f56bfc062723c751e8b465ee728b)
Start importing Assets/RenderFeatures/BlitPass.cs using Guid(621ed06200d48024c81852ac8aeea71f) Importer(815301076,1909f56bfc062723c751e8b465ee728b)  -> (artifact id: '36664cbff2e210686089958a8df8e64c') in 0.007378 seconds
  Import took 0.011761 seconds .

========================================================================
Received Import Request.
  Time since last request: 24.798328 seconds.
  path: Assets/Shaders/WaterEffectShader.shader
  artifactKey: Guid(c5dc01fe388f9ad40bdb539ef9763ccd) Importer(815301076,1909f56bfc062723c751e8b465ee728b)
Start importing Assets/Shaders/WaterEffectShader.shader using Guid(c5dc01fe388f9ad40bdb539ef9763ccd) Importer(815301076,1909f56bfc062723c751e8b465ee728b)  -> (artifact id: '1f7f217d9bcc28aee5bddfda61d94ed3') in 0.010573 seconds
  Import took 0.014194 seconds .

========================================================================
Received Import Request.
  Time since last request: 0.005455 seconds.
  path: Assets/Shaders/WaterEffectShader.shader
  artifactKey: Guid(c5dc01fe388f9ad40bdb539ef9763ccd) Importer(815301076,1909f56bfc062723c751e8b465ee728b)
Start importing Assets/Shaders/WaterEffectShader.shader using Guid(c5dc01fe388f9ad40bdb539ef9763ccd) Importer(815301076,1909f56bfc062723c751e8b465ee728b)  -> (artifact id: '1f7f217d9bcc28aee5bddfda61d94ed3') in 0.003881 seconds
  Import took 0.007909 seconds .

========================================================================
Received Import Request.
  Time since last request: 18.018783 seconds.
  path: Assets/Shaders/WaterEffectMat.mat
  artifactKey: Guid(31e79c10d95471c44b1660d6c2b16a15) Importer(815301076,1909f56bfc062723c751e8b465ee728b)
Start importing Assets/Shaders/WaterEffectMat.mat using Guid(31e79c10d95471c44b1660d6c2b16a15) Importer(815301076,1909f56bfc062723c751e8b465ee728b)  -> (artifact id: '2f65808f5184f8d2407b6c03c14193dd') in 0.207555 seconds
  Import took 0.212585 seconds .

========================================================================
Received Import Request.
  Time since last request: 115.811958 seconds.
  path: Assets/Settings/ForwardRenderer.asset
  artifactKey: Guid(4a8e21d5c33334b11b34a596161b9360) Importer(815301076,1909f56bfc062723c751e8b465ee728b)
Start importing Assets/Settings/ForwardRenderer.asset using Guid(4a8e21d5c33334b11b34a596161b9360) Importer(815301076,1909f56bfc062723c751e8b465ee728b)  -> (artifact id: 'e7ee8c852874f47b2979d606684cee1d') in 0.010737 seconds
  Import took 0.015010 seconds .

========================================================================
Received Import Request.
  Time since last request: 0.010387 seconds.
  path: Assets/Settings/ForwardRenderer.asset
  artifactKey: Guid(4a8e21d5c33334b11b34a596161b9360) Importer(815301076,1909f56bfc062723c751e8b465ee728b)
Start importing Assets/Settings/ForwardRenderer.asset using Guid(4a8e21d5c33334b11b34a596161b9360) Importer(815301076,1909f56bfc062723c751e8b465ee728b)  -> (artifact id: 'e7ee8c852874f47b2979d606684cee1d') in 0.005469 seconds
  Import took 0.010046 seconds .

========================================================================
Received Import Request.
  Time since last request: 19.566481 seconds.
  path: Assets/Settings/ForwardRenderer.asset
  artifactKey: Guid(4a8e21d5c33334b11b34a596161b9360) Importer(815301076,1909f56bfc062723c751e8b465ee728b)
Start importing Assets/Settings/ForwardRenderer.asset using Guid(4a8e21d5c33334b11b34a596161b9360) Importer(815301076,1909f56bfc062723c751e8b465ee728b)  -> (artifact id: '8f3465946d46d589f07fd58c997cbba7') in 0.007439 seconds
  Import took 0.012327 seconds .

========================================================================
Received Import Request.
  Time since last request: 0.014989 seconds.
  path: Assets/Settings/ForwardRenderer.asset
  artifactKey: Guid(4a8e21d5c33334b11b34a596161b9360) Importer(815301076,1909f56bfc062723c751e8b465ee728b)
Start importing Assets/Settings/ForwardRenderer.asset using Guid(4a8e21d5c33334b11b34a596161b9360) Importer(815301076,1909f56bfc062723c751e8b465ee728b)  -> (artifact id: '8f3465946d46d589f07fd58c997cbba7') in 0.004642 seconds
  Import took 0.009826 seconds .

========================================================================
Received Import Request.
  Time since last request: 1041.930019 seconds.
  path: Assets/Settings/ForwardRenderer.asset
  artifactKey: Guid(4a8e21d5c33334b11b34a596161b9360) Importer(815301076,1909f56bfc062723c751e8b465ee728b)
Start importing Assets/Settings/ForwardRenderer.asset using Guid(4a8e21d5c33334b11b34a596161b9360) Importer(815301076,1909f56bfc062723c751e8b465ee728b)  -> (artifact id: '1fc3d36046f55dd4348fb383490c1faa') in 0.010081 seconds
  Import took 0.014465 seconds .

========================================================================
Received Import Request.
  Time since last request: 0.009503 seconds.
  path: Assets/Settings/ForwardRenderer.asset
  artifactKey: Guid(4a8e21d5c33334b11b34a596161b9360) Importer(815301076,1909f56bfc062723c751e8b465ee728b)
Start importing Assets/Settings/ForwardRenderer.asset using Guid(4a8e21d5c33334b11b34a596161b9360) Importer(815301076,1909f56bfc062723c751e8b465ee728b)  -> (artifact id: '1fc3d36046f55dd4348fb383490c1faa') in 0.006038 seconds
  Import took 0.010080 seconds .

========================================================================
Received Import Request.
  Time since last request: 42.197706 seconds.
  path: Assets/Shaders/WaterEffectMat.mat
  artifactKey: Guid(31e79c10d95471c44b1660d6c2b16a15) Importer(815301076,1909f56bfc062723c751e8b465ee728b)
Start importing Assets/Shaders/WaterEffectMat.mat using Guid(31e79c10d95471c44b1660d6c2b16a15) Importer(815301076,1909f56bfc062723c751e8b465ee728b)  -> (artifact id: 'b3a3a870223c05bffa1be368797fb09c') in 0.017369 seconds
  Import took 0.021219 seconds .

========================================================================
Received Import Request.
  Time since last request: 492.405060 seconds.
  path: Assets/Shaders/WaterEffectMat.mat
  artifactKey: Guid(31e79c10d95471c44b1660d6c2b16a15) Importer(815301076,1909f56bfc062723c751e8b465ee728b)
Start importing Assets/Shaders/WaterEffectMat.mat using Guid(31e79c10d95471c44b1660d6c2b16a15) Importer(815301076,1909f56bfc062723c751e8b465ee728b)  -> (artifact id: 'd80c3f54d6b085d438df15e00235f765') in 0.017154 seconds
  Import took 0.021644 seconds .

========================================================================
Received Import Request.
  Time since last request: 1053.125252 seconds.
  path: Assets/Shaders/WaterEffectMat.mat
  artifactKey: Guid(31e79c10d95471c44b1660d6c2b16a15) Importer(815301076,1909f56bfc062723c751e8b465ee728b)
Start importing Assets/Shaders/WaterEffectMat.mat using Guid(31e79c10d95471c44b1660d6c2b16a15) Importer(815301076,1909f56bfc062723c751e8b465ee728b)  -> (artifact id: 'edb7dc9a5c5461b8295ce311bfca35d8') in 0.016342 seconds
  Import took 0.020705 seconds .

========================================================================
Received Import Request.
  Time since last request: 15.021388 seconds.
  path: Assets/Shaders/WaterEffectMat.mat
  artifactKey: Guid(31e79c10d95471c44b1660d6c2b16a15) Importer(815301076,1909f56bfc062723c751e8b465ee728b)
Start importing Assets/Shaders/WaterEffectMat.mat using Guid(31e79c10d95471c44b1660d6c2b16a15) Importer(815301076,1909f56bfc062723c751e8b465ee728b)  -> (artifact id: '7f9ed0393e44ad9d028af5fc125365f8') in 0.008749 seconds
  Import took 0.013760 seconds .

========================================================================
Received Import Request.
  Time since last request: 26.784137 seconds.
  path: Assets/Scripts/MapGeneration/VoxelTypes/Sand.asset
  artifactKey: Guid(ac04cd269b4383243a4f19d7c9e5408f) Importer(815301076,1909f56bfc062723c751e8b465ee728b)
Start importing Assets/Scripts/MapGeneration/VoxelTypes/Sand.asset using Guid(ac04cd269b4383243a4f19d7c9e5408f) Importer(815301076,1909f56bfc062723c751e8b465ee728b)  -> (artifact id: '80f74cc7ec8c88fc3ff8e31b005faeb0') in 0.010726 seconds
  Import took 0.016297 seconds .

========================================================================
Received Import Request.
  Time since last request: 0.009263 seconds.
  path: Assets/Scripts/MapGeneration/VoxelTypes/Sand.asset
  artifactKey: Guid(ac04cd269b4383243a4f19d7c9e5408f) Importer(815301076,1909f56bfc062723c751e8b465ee728b)
Start importing Assets/Scripts/MapGeneration/VoxelTypes/Sand.asset using Guid(ac04cd269b4383243a4f19d7c9e5408f) Importer(815301076,1909f56bfc062723c751e8b465ee728b)  -> (artifact id: '80f74cc7ec8c88fc3ff8e31b005faeb0') in 0.003849 seconds
  Import took 0.008821 seconds .

========================================================================
Received Import Request.
  Time since last request: 182.671567 seconds.
  path: Assets/Scripts/MapGeneration/VoxelTypes/Sand.asset
  artifactKey: Guid(ac04cd269b4383243a4f19d7c9e5408f) Importer(815301076,1909f56bfc062723c751e8b465ee728b)
Start importing Assets/Scripts/MapGeneration/VoxelTypes/Sand.asset using Guid(ac04cd269b4383243a4f19d7c9e5408f) Importer(815301076,1909f56bfc062723c751e8b465ee728b)  -> (artifact id: '9723776e9f86ec3da1e0aa58f46bd42d') in 0.003867 seconds
  Import took 0.008001 seconds .

========================================================================
Received Import Request.
  Time since last request: 281.075376 seconds.
  path: Assets/Shaders/WaterEffectMat.mat
  artifactKey: Guid(31e79c10d95471c44b1660d6c2b16a15) Importer(815301076,1909f56bfc062723c751e8b465ee728b)
Start importing Assets/Shaders/WaterEffectMat.mat using Guid(31e79c10d95471c44b1660d6c2b16a15) Importer(815301076,1909f56bfc062723c751e8b465ee728b)  -> (artifact id: '829306ff5afb9675cb912636fcc0afab') in 0.017763 seconds
  Import took 0.021763 seconds .

========================================================================
Received Import Request.
  Time since last request: 104.798072 seconds.
  path: Assets/Shaders/WaterEffectMat.mat
  artifactKey: Guid(31e79c10d95471c44b1660d6c2b16a15) Importer(815301076,1909f56bfc062723c751e8b465ee728b)
Start importing Assets/Shaders/WaterEffectMat.mat using Guid(31e79c10d95471c44b1660d6c2b16a15) Importer(815301076,1909f56bfc062723c751e8b465ee728b)  -> (artifact id: '674ec2a4fc8ef44cf4b227d38b71ca9e') in 0.011206 seconds
  Import took 0.015451 seconds .

========================================================================
Received Import Request.
  Time since last request: 846.058400 seconds.
  path: Assets/Shaders/WaterEffectMat.mat
  artifactKey: Guid(31e79c10d95471c44b1660d6c2b16a15) Importer(815301076,1909f56bfc062723c751e8b465ee728b)
Start importing Assets/Shaders/WaterEffectMat.mat using Guid(31e79c10d95471c44b1660d6c2b16a15) Importer(815301076,1909f56bfc062723c751e8b465ee728b)  -> (artifact id: 'fdbdcc728371d3688499e171fed9ddda') in 0.018539 seconds
  Import took 0.023365 seconds .

========================================================================
Received Prepare
Registering precompiled user dll's ...
Registered in 0.001320 seconds.
Begin MonoManager ReloadAssembly
Native extension for WindowsStandalone target not found
Refreshing native plugins compatible for Editor in 0.37 ms, found 0 plugins.
Preloading 0 native plugins for Editor in 0.00 ms.
Mono: successfully reloaded assembly
- Completed reload, in  0.949 seconds
Platform modules already initialized, skipping
Shader 'Universal Render Pipeline/Particles/Lit': fallback shader 'Universal Render Pipeline/Particles/SimpleLit' not found
Shader 'Universal Render Pipeline/Particles/Lit': fallback shader 'Universal Render Pipeline/Particles/SimpleLit' not found
Refreshing native plugins compatible for Editor in 0.37 ms, found 0 plugins.
Preloading 0 native plugins for Editor in 0.00 ms.
Unloading 2358 Unused Serialized files (Serialized files now loaded: 0)
System memory in use before: 117.2 MB.
System memory in use after: 114.6 MB.

Unloading 37 unused Assets to reduce memory usage. Loaded Objects now: 2955.
Total: 3.738900 ms (FindLiveObjects: 0.577300 ms CreateObjectMapping: 0.151000 ms MarkObjects: 1.813400 ms  DeleteObjects: 1.195400 ms)

========================================================================
Received Import Request.
  Time since last request: 190.981419 seconds.
  path: Assets/Settings/UniversalRP-LowQuality.asset
  artifactKey: Guid(a31e9f9f9c9d4b9429ed0d1234e22103) Importer(815301076,1909f56bfc062723c751e8b465ee728b)
Start importing Assets/Settings/UniversalRP-LowQuality.asset using Guid(a31e9f9f9c9d4b9429ed0d1234e22103) Importer(815301076,1909f56bfc062723c751e8b465ee728b)  -> (artifact id: '898fdf085193ed708ab3646f800d633c') in 0.046189 seconds
  Import took 0.053726 seconds .

========================================================================
Received Import Request.
  Time since last request: 0.000304 seconds.
  path: Assets/Settings/UniversalRP-MediumQuality.asset
  artifactKey: Guid(d847b876476d3d6468f5dfcd34266f96) Importer(815301076,1909f56bfc062723c751e8b465ee728b)
Start importing Assets/Settings/UniversalRP-MediumQuality.asset using Guid(d847b876476d3d6468f5dfcd34266f96) Importer(815301076,1909f56bfc062723c751e8b465ee728b)  -> (artifact id: '4470890e33af301a72e3a4567879179b') in 0.011135 seconds
  Import took 0.017445 seconds .

========================================================================
Received Import Request.
  Time since last request: 0.000356 seconds.
  path: Assets/Settings/UniversalRP-HighQuality.asset
  artifactKey: Guid(19ba41d7c0026c3459d37c2fe90c55a0) Importer(815301076,1909f56bfc062723c751e8b465ee728b)
Start importing Assets/Settings/UniversalRP-HighQuality.asset using Guid(19ba41d7c0026c3459d37c2fe90c55a0) Importer(815301076,1909f56bfc062723c751e8b465ee728b)  -> (artifact id: '1b9a3193d233108d5cf9700619c5e12d') in 0.010554 seconds
  Import took 0.016082 seconds .

========================================================================
Received Import Request.
  Time since last request: 0.000305 seconds.
  path: Assets/Settings/ForwardRenderer.asset
  artifactKey: Guid(4a8e21d5c33334b11b34a596161b9360) Importer(815301076,1909f56bfc062723c751e8b465ee728b)
Start importing Assets/Settings/ForwardRenderer.asset using Guid(4a8e21d5c33334b11b34a596161b9360) Importer(815301076,1909f56bfc062723c751e8b465ee728b)  -> (artifact id: '5bf1a1b8c0b05fb6031c7f4185dd73ec') in 0.006347 seconds
  Import took 0.011766 seconds .

========================================================================
Received Import Request.
  Time since last request: 0.007934 seconds.
  path: Assets/Settings/UniversalRP-HighQuality.asset
  artifactKey: Guid(19ba41d7c0026c3459d37c2fe90c55a0) Importer(815301076,1909f56bfc062723c751e8b465ee728b)
Start importing Assets/Settings/UniversalRP-HighQuality.asset using Guid(19ba41d7c0026c3459d37c2fe90c55a0) Importer(815301076,1909f56bfc062723c751e8b465ee728b)  -> (artifact id: '1b9a3193d233108d5cf9700619c5e12d') in 0.004906 seconds
  Import took 0.009149 seconds .

