Using pre-set license
Built from '2020.3/staging' branch; Version is '2020.3.5f1 (8095aa901b9b) revision 8426922'; Using compiler version '192528614'; Build Type 'Release'
OS: 'Windows 10 Home; OS build 19042.985; Version 2009; 64bit' Language: 'en' Physical Memory: 16234 MB
BatchMode: 1, IsHumanControllingUs: 0, StartBugReporterOnCrash: 0, Is64bit: 1, IsPro: 0

 COMMAND LINE ARGUMENTS:
C:\Program Files\Unity\Hub\Editor\2020.3.5f1\Editor\Unity.exe
-adb2
-batchMode
-noUpm
-name
AssetImportWorker0
-projectPath
C:/Users/gsocc/OneDrive/Desktop/Github/CubeScapeGame/CubeScapeProject
-logFile
Logs/AssetImportWorker0.log
-srvPort
63649
Successfully changed project path to: C:/Users/gsocc/OneDrive/Desktop/Github/CubeScapeGame/CubeScapeProject
C:/Users/gsocc/OneDrive/Desktop/Github/CubeScapeGame/CubeScapeProject
Using Asset Import Pipeline V2.
Refreshing native plugins compatible for Editor in 44.58 ms, found 0 plugins.
Preloading 0 native plugins for Editor in 0.00 ms.
Initialize engine version: 2020.3.5f1 (8095aa901b9b)
[Subsystems] Discovering subsystems at path C:/Program Files/Unity/Hub/Editor/2020.3.5f1/Editor/Data/Resources/UnitySubsystems
[Subsystems] Discovering subsystems at path C:/Users/gsocc/OneDrive/Desktop/Github/CubeScapeGame/CubeScapeProject/Assets
GfxDevice: creating device client; threaded=0
Direct3D:
    Version:  Direct3D 11.0 [level 11.1]
    Renderer: NVIDIA GeForce GTX 1060 (ID=0x1c20)
    Vendor:   
    VRAM:     2987 MB
    Driver:   27.21.14.6192
Initialize mono
Mono path[0] = 'C:/Program Files/Unity/Hub/Editor/2020.3.5f1/Editor/Data/Managed'
Mono path[1] = 'C:/Program Files/Unity/Hub/Editor/2020.3.5f1/Editor/Data/MonoBleedingEdge/lib/mono/unityjit'
Mono config path = 'C:/Program Files/Unity/Hub/Editor/2020.3.5f1/Editor/Data/MonoBleedingEdge/etc'
Using monoOptions --debugger-agent=transport=dt_socket,embedding=1,server=y,suspend=n,address=127.0.0.1:56732
Begin MonoManager ReloadAssembly
Registering precompiled unity dll's ...
Register platform support module: C:/Program Files/Unity/Hub/Editor/2020.3.5f1/Editor/Data/PlaybackEngines/WindowsStandaloneSupport/UnityEditor.WindowsStandalone.Extensions.dll
Registered in 0.002029 seconds.
Native extension for WindowsStandalone target not found
Refreshing native plugins compatible for Editor in 40.12 ms, found 0 plugins.
Preloading 0 native plugins for Editor in 0.00 ms.
Mono: successfully reloaded assembly
- Completed reload, in  1.886 seconds
Platform modules already initialized, skipping
Registering precompiled user dll's ...
Registered in 0.001415 seconds.
Begin MonoManager ReloadAssembly
Native extension for WindowsStandalone target not found
Refreshing native plugins compatible for Editor in 39.64 ms, found 0 plugins.
Preloading 0 native plugins for Editor in 0.00 ms.
Mono: successfully reloaded assembly
- Completed reload, in  0.893 seconds
Platform modules already initialized, skipping
========================================================================
Worker process is ready to serve import requests
Shader 'Universal Render Pipeline/Particles/Lit': fallback shader 'Universal Render Pipeline/Particles/SimpleLit' not found
Shader 'Universal Render Pipeline/Particles/Lit': fallback shader 'Universal Render Pipeline/Particles/SimpleLit' not found
Launched and connected shader compiler UnityShaderCompiler.exe after 0.04 seconds
Refreshing native plugins compatible for Editor in 0.36 ms, found 0 plugins.
Preloading 0 native plugins for Editor in 0.00 ms.
Unloading 2437 Unused Serialized files (Serialized files now loaded: 0)
System memory in use before: 115.8 MB.
System memory in use after: 113.3 MB.

Unloading 41 unused Assets to reduce memory usage. Loaded Objects now: 2854.
Total: 3.352100 ms (FindLiveObjects: 0.285000 ms CreateObjectMapping: 0.191500 ms MarkObjects: 1.757000 ms  DeleteObjects: 1.116800 ms)

========================================================================
Received Import Request.
  path: Assets/Shaders/WaterEffectMat.mat
  artifactKey: Guid(81484e92dfbe6874d86a796c9847a67a) Importer(815301076,1909f56bfc062723c751e8b465ee728b)
Start importing Assets/Shaders/WaterEffectMat.mat using Guid(81484e92dfbe6874d86a796c9847a67a) Importer(815301076,1909f56bfc062723c751e8b465ee728b)  -> (artifact id: '8bebc45955edf873458ed7a709d26c64') in 0.229407 seconds
  Import took 0.235499 seconds .

========================================================================
Received Prepare
Registering precompiled user dll's ...
Registered in 0.001251 seconds.
Begin MonoManager ReloadAssembly
Native extension for WindowsStandalone target not found
Refreshing native plugins compatible for Editor in 0.37 ms, found 0 plugins.
Preloading 0 native plugins for Editor in 0.00 ms.
Mono: successfully reloaded assembly
- Completed reload, in  0.964 seconds
Platform modules already initialized, skipping
Shader 'Universal Render Pipeline/Particles/Lit': fallback shader 'Universal Render Pipeline/Particles/SimpleLit' not found
Shader 'Universal Render Pipeline/Particles/Lit': fallback shader 'Universal Render Pipeline/Particles/SimpleLit' not found
Refreshing native plugins compatible for Editor in 0.41 ms, found 0 plugins.
Preloading 0 native plugins for Editor in 0.00 ms.
Unloading 2354 Unused Serialized files (Serialized files now loaded: 0)
System memory in use before: 117.0 MB.
System memory in use after: 114.5 MB.

Unloading 36 unused Assets to reduce memory usage. Loaded Objects now: 2935.
Total: 3.665200 ms (FindLiveObjects: 0.297400 ms CreateObjectMapping: 0.109100 ms MarkObjects: 2.081200 ms  DeleteObjects: 1.175700 ms)

========================================================================
Received Prepare
Registering precompiled user dll's ...
Registered in 0.001357 seconds.
Begin MonoManager ReloadAssembly
Native extension for WindowsStandalone target not found
Refreshing native plugins compatible for Editor in 0.50 ms, found 0 plugins.
Preloading 0 native plugins for Editor in 0.00 ms.
Mono: successfully reloaded assembly
- Completed reload, in  0.866 seconds
Platform modules already initialized, skipping
Shader 'Universal Render Pipeline/Particles/Lit': fallback shader 'Universal Render Pipeline/Particles/SimpleLit' not found
Shader 'Universal Render Pipeline/Particles/Lit': fallback shader 'Universal Render Pipeline/Particles/SimpleLit' not found
Refreshing native plugins compatible for Editor in 0.36 ms, found 0 plugins.
Preloading 0 native plugins for Editor in 0.00 ms.
Unloading 2354 Unused Serialized files (Serialized files now loaded: 0)
System memory in use before: 117.0 MB.
System memory in use after: 114.5 MB.

Unloading 36 unused Assets to reduce memory usage. Loaded Objects now: 2938.
Total: 3.338300 ms (FindLiveObjects: 0.289900 ms CreateObjectMapping: 0.110600 ms MarkObjects: 1.703200 ms  DeleteObjects: 1.233900 ms)

========================================================================
Received Prepare
Registering precompiled user dll's ...
Registered in 0.001641 seconds.
Begin MonoManager ReloadAssembly
Native extension for WindowsStandalone target not found
Refreshing native plugins compatible for Editor in 0.50 ms, found 0 plugins.
Preloading 0 native plugins for Editor in 0.00 ms.
Mono: successfully reloaded assembly
- Completed reload, in  0.898 seconds
Platform modules already initialized, skipping
Shader 'Universal Render Pipeline/Particles/Lit': fallback shader 'Universal Render Pipeline/Particles/SimpleLit' not found
Shader 'Universal Render Pipeline/Particles/Lit': fallback shader 'Universal Render Pipeline/Particles/SimpleLit' not found
Refreshing native plugins compatible for Editor in 0.40 ms, found 0 plugins.
Preloading 0 native plugins for Editor in 0.00 ms.
Unloading 2354 Unused Serialized files (Serialized files now loaded: 0)
System memory in use before: 117.0 MB.
System memory in use after: 114.6 MB.

Unloading 36 unused Assets to reduce memory usage. Loaded Objects now: 2941.
Total: 3.798000 ms (FindLiveObjects: 0.324700 ms CreateObjectMapping: 0.127800 ms MarkObjects: 1.993000 ms  DeleteObjects: 1.351400 ms)

========================================================================
Received Prepare
Registering precompiled user dll's ...
Registered in 0.001352 seconds.
Begin MonoManager ReloadAssembly
Native extension for WindowsStandalone target not found
Refreshing native plugins compatible for Editor in 0.36 ms, found 0 plugins.
Preloading 0 native plugins for Editor in 0.00 ms.
Mono: successfully reloaded assembly
- Completed reload, in  0.889 seconds
Platform modules already initialized, skipping
Shader 'Universal Render Pipeline/Particles/Lit': fallback shader 'Universal Render Pipeline/Particles/SimpleLit' not found
Shader 'Universal Render Pipeline/Particles/Lit': fallback shader 'Universal Render Pipeline/Particles/SimpleLit' not found
Refreshing native plugins compatible for Editor in 0.37 ms, found 0 plugins.
Preloading 0 native plugins for Editor in 0.00 ms.
Unloading 2354 Unused Serialized files (Serialized files now loaded: 0)
System memory in use before: 117.1 MB.
System memory in use after: 114.6 MB.

Unloading 36 unused Assets to reduce memory usage. Loaded Objects now: 2944.
Total: 3.525500 ms (FindLiveObjects: 0.236500 ms CreateObjectMapping: 0.107300 ms MarkObjects: 1.856500 ms  DeleteObjects: 1.324300 ms)

========================================================================
Received Prepare
Registering precompiled user dll's ...
Registered in 0.001316 seconds.
Begin MonoManager ReloadAssembly
Native extension for WindowsStandalone target not found
Refreshing native plugins compatible for Editor in 0.37 ms, found 0 plugins.
Preloading 0 native plugins for Editor in 0.00 ms.
Mono: successfully reloaded assembly
- Completed reload, in  0.835 seconds
Platform modules already initialized, skipping
Shader 'Universal Render Pipeline/Particles/Lit': fallback shader 'Universal Render Pipeline/Particles/SimpleLit' not found
Shader 'Universal Render Pipeline/Particles/Lit': fallback shader 'Universal Render Pipeline/Particles/SimpleLit' not found
Refreshing native plugins compatible for Editor in 0.37 ms, found 0 plugins.
Preloading 0 native plugins for Editor in 0.00 ms.
Unloading 2354 Unused Serialized files (Serialized files now loaded: 0)
System memory in use before: 117.0 MB.
System memory in use after: 114.5 MB.

Unloading 36 unused Assets to reduce memory usage. Loaded Objects now: 2947.
Total: 4.133600 ms (FindLiveObjects: 0.263800 ms CreateObjectMapping: 0.136300 ms MarkObjects: 2.224700 ms  DeleteObjects: 1.508000 ms)

========================================================================
Received Prepare
Registering precompiled user dll's ...
Registered in 0.001466 seconds.
Begin MonoManager ReloadAssembly
Native extension for WindowsStandalone target not found
Refreshing native plugins compatible for Editor in 0.67 ms, found 0 plugins.
Preloading 0 native plugins for Editor in 0.00 ms.
Mono: successfully reloaded assembly
- Completed reload, in  0.932 seconds
Platform modules already initialized, skipping
Shader 'Universal Render Pipeline/Particles/Lit': fallback shader 'Universal Render Pipeline/Particles/SimpleLit' not found
Shader 'Universal Render Pipeline/Particles/Lit': fallback shader 'Universal Render Pipeline/Particles/SimpleLit' not found
Refreshing native plugins compatible for Editor in 0.36 ms, found 0 plugins.
Preloading 0 native plugins for Editor in 0.00 ms.
Unloading 2354 Unused Serialized files (Serialized files now loaded: 0)
System memory in use before: 117.1 MB.
System memory in use after: 114.6 MB.

Unloading 36 unused Assets to reduce memory usage. Loaded Objects now: 2950.
Total: 3.350600 ms (FindLiveObjects: 0.296800 ms CreateObjectMapping: 0.125100 ms MarkObjects: 1.669400 ms  DeleteObjects: 1.258600 ms)

========================================================================
Received Prepare
Registering precompiled user dll's ...
Registered in 0.001324 seconds.
Begin MonoManager ReloadAssembly
Native extension for WindowsStandalone target not found
Refreshing native plugins compatible for Editor in 0.37 ms, found 0 plugins.
Preloading 0 native plugins for Editor in 0.00 ms.
Mono: successfully reloaded assembly
- Completed reload, in  0.844 seconds
Platform modules already initialized, skipping
Shader 'Universal Render Pipeline/Particles/Lit': fallback shader 'Universal Render Pipeline/Particles/SimpleLit' not found
Shader 'Universal Render Pipeline/Particles/Lit': fallback shader 'Universal Render Pipeline/Particles/SimpleLit' not found
Refreshing native plugins compatible for Editor in 0.36 ms, found 0 plugins.
Preloading 0 native plugins for Editor in 0.00 ms.
Unloading 2354 Unused Serialized files (Serialized files now loaded: 0)
System memory in use before: 117.1 MB.
System memory in use after: 114.6 MB.

Unloading 36 unused Assets to reduce memory usage. Loaded Objects now: 2953.
Total: 7.970800 ms (FindLiveObjects: 0.550900 ms CreateObjectMapping: 0.328900 ms MarkObjects: 4.391700 ms  DeleteObjects: 2.696800 ms)

========================================================================
Received Import Request.
  Time since last request: 908.992174 seconds.
  path: Assets/Scripts/MapGeneration/MapUtils.cs
  artifactKey: Guid(d717273457435114ba50878fb6b55676) Importer(815301076,1909f56bfc062723c751e8b465ee728b)
Start importing Assets/Scripts/MapGeneration/MapUtils.cs using Guid(d717273457435114ba50878fb6b55676) Importer(815301076,1909f56bfc062723c751e8b465ee728b)  -> (artifact id: '74fe101e4ee2aef457350edc9fe35ce3') in 0.017240 seconds
  Import took 0.023128 seconds .

========================================================================
Received Import Request.
  Time since last request: 0.001120 seconds.
  path: Assets/Scripts/MapGeneration/MapUtils.cs
  artifactKey: Guid(d717273457435114ba50878fb6b55676) Importer(815301076,1909f56bfc062723c751e8b465ee728b)
Start importing Assets/Scripts/MapGeneration/MapUtils.cs using Guid(d717273457435114ba50878fb6b55676) Importer(815301076,1909f56bfc062723c751e8b465ee728b)  -> (artifact id: '74fe101e4ee2aef457350edc9fe35ce3') in 0.002351 seconds
  Import took 0.007112 seconds .

========================================================================
Received Prepare
Registering precompiled user dll's ...
Registered in 0.001747 seconds.
Begin MonoManager ReloadAssembly
Native extension for WindowsStandalone target not found
Refreshing native plugins compatible for Editor in 0.40 ms, found 0 plugins.
Preloading 0 native plugins for Editor in 0.00 ms.
Mono: successfully reloaded assembly
- Completed reload, in  0.896 seconds
Platform modules already initialized, skipping
Shader 'Universal Render Pipeline/Particles/Lit': fallback shader 'Universal Render Pipeline/Particles/SimpleLit' not found
Shader 'Universal Render Pipeline/Particles/Lit': fallback shader 'Universal Render Pipeline/Particles/SimpleLit' not found
Refreshing native plugins compatible for Editor in 0.39 ms, found 0 plugins.
Preloading 0 native plugins for Editor in 0.00 ms.
Unloading 2355 Unused Serialized files (Serialized files now loaded: 0)
System memory in use before: 117.1 MB.
System memory in use after: 114.6 MB.

Unloading 36 unused Assets to reduce memory usage. Loaded Objects now: 2957.
Total: 7.704900 ms (FindLiveObjects: 0.591600 ms CreateObjectMapping: 0.281900 ms MarkObjects: 4.222100 ms  DeleteObjects: 2.607200 ms)

========================================================================
Received Prepare
Registering precompiled user dll's ...
Registered in 0.001352 seconds.
Begin MonoManager ReloadAssembly
Native extension for WindowsStandalone target not found
Refreshing native plugins compatible for Editor in 0.37 ms, found 0 plugins.
Preloading 0 native plugins for Editor in 0.00 ms.
Mono: successfully reloaded assembly
- Completed reload, in  0.839 seconds
Platform modules already initialized, skipping
Shader 'Universal Render Pipeline/Particles/Lit': fallback shader 'Universal Render Pipeline/Particles/SimpleLit' not found
Shader 'Universal Render Pipeline/Particles/Lit': fallback shader 'Universal Render Pipeline/Particles/SimpleLit' not found
Refreshing native plugins compatible for Editor in 0.46 ms, found 0 plugins.
Preloading 0 native plugins for Editor in 0.00 ms.
Unloading 2355 Unused Serialized files (Serialized files now loaded: 0)
System memory in use before: 117.1 MB.
System memory in use after: 114.7 MB.

Unloading 36 unused Assets to reduce memory usage. Loaded Objects now: 2960.
Total: 3.569000 ms (FindLiveObjects: 0.267500 ms CreateObjectMapping: 0.130900 ms MarkObjects: 1.821500 ms  DeleteObjects: 1.347700 ms)

========================================================================
Received Prepare
Registering precompiled user dll's ...
Registered in 0.001316 seconds.
Begin MonoManager ReloadAssembly
Native extension for WindowsStandalone target not found
Refreshing native plugins compatible for Editor in 0.37 ms, found 0 plugins.
Preloading 0 native plugins for Editor in 0.00 ms.
Mono: successfully reloaded assembly
- Completed reload, in  0.861 seconds
Platform modules already initialized, skipping
Shader 'Universal Render Pipeline/Particles/Lit': fallback shader 'Universal Render Pipeline/Particles/SimpleLit' not found
Shader 'Universal Render Pipeline/Particles/Lit': fallback shader 'Universal Render Pipeline/Particles/SimpleLit' not found
Refreshing native plugins compatible for Editor in 0.43 ms, found 0 plugins.
Preloading 0 native plugins for Editor in 0.00 ms.
Unloading 2355 Unused Serialized files (Serialized files now loaded: 0)
System memory in use before: 117.0 MB.
System memory in use after: 114.6 MB.

Unloading 36 unused Assets to reduce memory usage. Loaded Objects now: 2963.
Total: 8.041400 ms (FindLiveObjects: 0.705400 ms CreateObjectMapping: 0.337600 ms MarkObjects: 4.243900 ms  DeleteObjects: 2.750700 ms)

========================================================================
Received Prepare
Registering precompiled user dll's ...
Registered in 0.001329 seconds.
Begin MonoManager ReloadAssembly
Native extension for WindowsStandalone target not found
Refreshing native plugins compatible for Editor in 0.41 ms, found 0 plugins.
Preloading 0 native plugins for Editor in 0.00 ms.
Mono: successfully reloaded assembly
- Completed reload, in  0.896 seconds
Platform modules already initialized, skipping
Shader 'Universal Render Pipeline/Particles/Lit': fallback shader 'Universal Render Pipeline/Particles/SimpleLit' not found
Shader 'Universal Render Pipeline/Particles/Lit': fallback shader 'Universal Render Pipeline/Particles/SimpleLit' not found
Refreshing native plugins compatible for Editor in 0.37 ms, found 0 plugins.
Preloading 0 native plugins for Editor in 0.00 ms.
Unloading 2355 Unused Serialized files (Serialized files now loaded: 0)
System memory in use before: 117.1 MB.
System memory in use after: 114.7 MB.

Unloading 36 unused Assets to reduce memory usage. Loaded Objects now: 2966.
Total: 3.301200 ms (FindLiveObjects: 0.246800 ms CreateObjectMapping: 0.105900 ms MarkObjects: 1.641600 ms  DeleteObjects: 1.306000 ms)

========================================================================
Received Import Request.
  Time since last request: 2608.753584 seconds.
  path: Assets/Scripts/RaycastTesting.cs
  artifactKey: Guid(aa660b0a5ce19ba49bbf0203ac09b222) Importer(815301076,1909f56bfc062723c751e8b465ee728b)
Start importing Assets/Scripts/RaycastTesting.cs using Guid(aa660b0a5ce19ba49bbf0203ac09b222) Importer(815301076,1909f56bfc062723c751e8b465ee728b)  -> (artifact id: 'dc1f9f354799858e8b2e6b402e381eba') in 0.010933 seconds
  Import took 0.017982 seconds .

========================================================================
Received Import Request.
  Time since last request: 0.001853 seconds.
  path: Assets/Scripts/RaycastTesting.cs
  artifactKey: Guid(aa660b0a5ce19ba49bbf0203ac09b222) Importer(815301076,1909f56bfc062723c751e8b465ee728b)
Start importing Assets/Scripts/RaycastTesting.cs using Guid(aa660b0a5ce19ba49bbf0203ac09b222) Importer(815301076,1909f56bfc062723c751e8b465ee728b)  -> (artifact id: 'dc1f9f354799858e8b2e6b402e381eba') in 0.003419 seconds
  Import took 0.007809 seconds .

========================================================================
Received Prepare
Registering precompiled user dll's ...
Registered in 0.001280 seconds.
Begin MonoManager ReloadAssembly
Native extension for WindowsStandalone target not found
Refreshing native plugins compatible for Editor in 0.37 ms, found 0 plugins.
Preloading 0 native plugins for Editor in 0.00 ms.
Mono: successfully reloaded assembly
- Completed reload, in  0.896 seconds
Platform modules already initialized, skipping
Shader 'Universal Render Pipeline/Particles/Lit': fallback shader 'Universal Render Pipeline/Particles/SimpleLit' not found
Shader 'Universal Render Pipeline/Particles/Lit': fallback shader 'Universal Render Pipeline/Particles/SimpleLit' not found
Refreshing native plugins compatible for Editor in 0.39 ms, found 0 plugins.
Preloading 0 native plugins for Editor in 0.00 ms.
Unloading 2356 Unused Serialized files (Serialized files now loaded: 0)
System memory in use before: 117.2 MB.
System memory in use after: 114.7 MB.

Unloading 36 unused Assets to reduce memory usage. Loaded Objects now: 2970.
Total: 7.955500 ms (FindLiveObjects: 0.605900 ms CreateObjectMapping: 0.314900 ms MarkObjects: 4.232000 ms  DeleteObjects: 2.800300 ms)

========================================================================
Received Prepare
Registering precompiled user dll's ...
Registered in 0.001366 seconds.
Begin MonoManager ReloadAssembly
Native extension for WindowsStandalone target not found
Refreshing native plugins compatible for Editor in 0.36 ms, found 0 plugins.
Preloading 0 native plugins for Editor in 0.00 ms.
Mono: successfully reloaded assembly
- Completed reload, in  0.825 seconds
Platform modules already initialized, skipping
Shader 'Universal Render Pipeline/Particles/Lit': fallback shader 'Universal Render Pipeline/Particles/SimpleLit' not found
Shader 'Universal Render Pipeline/Particles/Lit': fallback shader 'Universal Render Pipeline/Particles/SimpleLit' not found
Refreshing native plugins compatible for Editor in 0.45 ms, found 0 plugins.
Preloading 0 native plugins for Editor in 0.00 ms.
Unloading 2356 Unused Serialized files (Serialized files now loaded: 0)
System memory in use before: 117.2 MB.
System memory in use after: 114.7 MB.

Unloading 36 unused Assets to reduce memory usage. Loaded Objects now: 2973.
Total: 3.578000 ms (FindLiveObjects: 0.247600 ms CreateObjectMapping: 0.122800 ms MarkObjects: 1.876000 ms  DeleteObjects: 1.330200 ms)

========================================================================
Received Import Request.
  Time since last request: 91.121541 seconds.
  path: Assets/Scripts/RaycastTesting.cs
  artifactKey: Guid(aa660b0a5ce19ba49bbf0203ac09b222) Importer(815301076,1909f56bfc062723c751e8b465ee728b)
Start importing Assets/Scripts/RaycastTesting.cs using Guid(aa660b0a5ce19ba49bbf0203ac09b222) Importer(815301076,1909f56bfc062723c751e8b465ee728b)  -> (artifact id: '0898b6fe60f220c51cdc06593794c40b') in 0.004844 seconds
  Import took 0.009671 seconds .

========================================================================
Received Prepare
Registering precompiled user dll's ...
Registered in 0.001327 seconds.
Begin MonoManager ReloadAssembly
Native extension for WindowsStandalone target not found
Refreshing native plugins compatible for Editor in 0.36 ms, found 0 plugins.
Preloading 0 native plugins for Editor in 0.00 ms.
Mono: successfully reloaded assembly
- Completed reload, in  0.866 seconds
Platform modules already initialized, skipping
Shader 'Universal Render Pipeline/Particles/Lit': fallback shader 'Universal Render Pipeline/Particles/SimpleLit' not found
Shader 'Universal Render Pipeline/Particles/Lit': fallback shader 'Universal Render Pipeline/Particles/SimpleLit' not found
Refreshing native plugins compatible for Editor in 0.37 ms, found 0 plugins.
Preloading 0 native plugins for Editor in 0.00 ms.
Unloading 2356 Unused Serialized files (Serialized files now loaded: 0)
System memory in use before: 117.2 MB.
System memory in use after: 114.7 MB.

Unloading 36 unused Assets to reduce memory usage. Loaded Objects now: 2976.
Total: 7.620900 ms (FindLiveObjects: 0.556500 ms CreateObjectMapping: 0.318500 ms MarkObjects: 4.101700 ms  DeleteObjects: 2.642300 ms)

========================================================================
Received Prepare
Registering precompiled user dll's ...
Registered in 0.001407 seconds.
Begin MonoManager ReloadAssembly
Native extension for WindowsStandalone target not found
Refreshing native plugins compatible for Editor in 0.37 ms, found 0 plugins.
Preloading 0 native plugins for Editor in 0.00 ms.
Mono: successfully reloaded assembly
- Completed reload, in  0.879 seconds
Platform modules already initialized, skipping
Shader 'Universal Render Pipeline/Particles/Lit': fallback shader 'Universal Render Pipeline/Particles/SimpleLit' not found
Shader 'Universal Render Pipeline/Particles/Lit': fallback shader 'Universal Render Pipeline/Particles/SimpleLit' not found
Refreshing native plugins compatible for Editor in 0.38 ms, found 0 plugins.
Preloading 0 native plugins for Editor in 0.00 ms.
Unloading 2356 Unused Serialized files (Serialized files now loaded: 0)
System memory in use before: 117.2 MB.
System memory in use after: 114.6 MB.

Unloading 36 unused Assets to reduce memory usage. Loaded Objects now: 2979.
Total: 8.605200 ms (FindLiveObjects: 0.628600 ms CreateObjectMapping: 0.357500 ms MarkObjects: 6.044200 ms  DeleteObjects: 1.572400 ms)

========================================================================
Received Prepare
Registering precompiled user dll's ...
Registered in 0.001371 seconds.
Begin MonoManager ReloadAssembly
Native extension for WindowsStandalone target not found
Refreshing native plugins compatible for Editor in 0.36 ms, found 0 plugins.
Preloading 0 native plugins for Editor in 0.00 ms.
Mono: successfully reloaded assembly
- Completed reload, in  0.846 seconds
Platform modules already initialized, skipping
Shader 'Universal Render Pipeline/Particles/Lit': fallback shader 'Universal Render Pipeline/Particles/SimpleLit' not found
Shader 'Universal Render Pipeline/Particles/Lit': fallback shader 'Universal Render Pipeline/Particles/SimpleLit' not found
Refreshing native plugins compatible for Editor in 0.36 ms, found 0 plugins.
Preloading 0 native plugins for Editor in 0.00 ms.
Unloading 2356 Unused Serialized files (Serialized files now loaded: 0)
System memory in use before: 117.2 MB.
System memory in use after: 114.7 MB.

Unloading 36 unused Assets to reduce memory usage. Loaded Objects now: 2982.
Total: 3.667900 ms (FindLiveObjects: 0.450900 ms CreateObjectMapping: 0.125000 ms MarkObjects: 1.742600 ms  DeleteObjects: 1.347600 ms)

========================================================================
Received Prepare
Registering precompiled user dll's ...
Registered in 0.001853 seconds.
Begin MonoManager ReloadAssembly
Native extension for WindowsStandalone target not found
Refreshing native plugins compatible for Editor in 0.37 ms, found 0 plugins.
Preloading 0 native plugins for Editor in 0.00 ms.
Mono: successfully reloaded assembly
- Completed reload, in  0.936 seconds
Platform modules already initialized, skipping
Shader 'Universal Render Pipeline/Particles/Lit': fallback shader 'Universal Render Pipeline/Particles/SimpleLit' not found
Shader 'Universal Render Pipeline/Particles/Lit': fallback shader 'Universal Render Pipeline/Particles/SimpleLit' not found
Refreshing native plugins compatible for Editor in 0.39 ms, found 0 plugins.
Preloading 0 native plugins for Editor in 0.00 ms.
Unloading 2356 Unused Serialized files (Serialized files now loaded: 0)
System memory in use before: 117.2 MB.
System memory in use after: 114.7 MB.

Unloading 36 unused Assets to reduce memory usage. Loaded Objects now: 2985.
Total: 4.654200 ms (FindLiveObjects: 0.544800 ms CreateObjectMapping: 0.272600 ms MarkObjects: 2.124300 ms  DeleteObjects: 1.711000 ms)

========================================================================
Received Prepare
Registering precompiled user dll's ...
Registered in 0.001950 seconds.
Begin MonoManager ReloadAssembly
Native extension for WindowsStandalone target not found
Refreshing native plugins compatible for Editor in 0.37 ms, found 0 plugins.
Preloading 0 native plugins for Editor in 0.00 ms.
Mono: successfully reloaded assembly
- Completed reload, in  0.911 seconds
Platform modules already initialized, skipping
Shader 'Universal Render Pipeline/Particles/Lit': fallback shader 'Universal Render Pipeline/Particles/SimpleLit' not found
Shader 'Universal Render Pipeline/Particles/Lit': fallback shader 'Universal Render Pipeline/Particles/SimpleLit' not found
Refreshing native plugins compatible for Editor in 0.38 ms, found 0 plugins.
Preloading 0 native plugins for Editor in 0.00 ms.
Unloading 2356 Unused Serialized files (Serialized files now loaded: 0)
System memory in use before: 117.2 MB.
System memory in use after: 114.8 MB.

Unloading 36 unused Assets to reduce memory usage. Loaded Objects now: 2988.
Total: 3.523400 ms (FindLiveObjects: 0.269500 ms CreateObjectMapping: 0.108000 ms MarkObjects: 1.812900 ms  DeleteObjects: 1.331800 ms)

========================================================================
Received Prepare
Registering precompiled user dll's ...
Registered in 0.001511 seconds.
Begin MonoManager ReloadAssembly
Native extension for WindowsStandalone target not found
Refreshing native plugins compatible for Editor in 0.56 ms, found 0 plugins.
Preloading 0 native plugins for Editor in 0.00 ms.
Mono: successfully reloaded assembly
- Completed reload, in  0.854 seconds
Platform modules already initialized, skipping
Shader 'Universal Render Pipeline/Particles/Lit': fallback shader 'Universal Render Pipeline/Particles/SimpleLit' not found
Shader 'Universal Render Pipeline/Particles/Lit': fallback shader 'Universal Render Pipeline/Particles/SimpleLit' not found
Refreshing native plugins compatible for Editor in 0.38 ms, found 0 plugins.
Preloading 0 native plugins for Editor in 0.00 ms.
Unloading 2356 Unused Serialized files (Serialized files now loaded: 0)
System memory in use before: 117.3 MB.
System memory in use after: 114.8 MB.

Unloading 36 unused Assets to reduce memory usage. Loaded Objects now: 2991.
Total: 10.500100 ms (FindLiveObjects: 1.486300 ms CreateObjectMapping: 0.465200 ms MarkObjects: 5.420000 ms  DeleteObjects: 3.100400 ms)

========================================================================
Received Import Request.
  Time since last request: 709.426376 seconds.
  path: Assets/Scripts/RaycastTesting.cs
  artifactKey: Guid(aa660b0a5ce19ba49bbf0203ac09b222) Importer(815301076,1909f56bfc062723c751e8b465ee728b)
Start importing Assets/Scripts/RaycastTesting.cs using Guid(aa660b0a5ce19ba49bbf0203ac09b222) Importer(815301076,1909f56bfc062723c751e8b465ee728b)  -> (artifact id: '73b77eb7919fb57ace295af29b1d7206') in 0.004896 seconds
  Import took 0.010900 seconds .

========================================================================
Received Prepare
Registering precompiled user dll's ...
Registered in 0.001329 seconds.
Begin MonoManager ReloadAssembly
Native extension for WindowsStandalone target not found
Refreshing native plugins compatible for Editor in 0.40 ms, found 0 plugins.
Preloading 0 native plugins for Editor in 0.00 ms.
Mono: successfully reloaded assembly
- Completed reload, in  0.924 seconds
Platform modules already initialized, skipping
Shader 'Universal Render Pipeline/Particles/Lit': fallback shader 'Universal Render Pipeline/Particles/SimpleLit' not found
Shader 'Universal Render Pipeline/Particles/Lit': fallback shader 'Universal Render Pipeline/Particles/SimpleLit' not found
Refreshing native plugins compatible for Editor in 0.37 ms, found 0 plugins.
Preloading 0 native plugins for Editor in 0.00 ms.
Unloading 2355 Unused Serialized files (Serialized files now loaded: 0)
System memory in use before: 117.2 MB.
System memory in use after: 114.6 MB.

Unloading 37 unused Assets to reduce memory usage. Loaded Objects now: 2993.
Total: 11.574900 ms (FindLiveObjects: 0.659100 ms CreateObjectMapping: 0.413200 ms MarkObjects: 6.828500 ms  DeleteObjects: 3.671100 ms)

AssetImportWorkerClient::OnTransportError - code=2 error=End of file
